Month: 1, Hour: 9
  Total Rays: 321638400000
  Shadow/Block: 40893880806
  Hit: 258429605081

Month: 1, Hour: 10.5
  Total Rays: 321638400000
  Shadow/Block: 22043280603
  Hit: 275932641477

Month: 1, Hour: 12
  Total Rays: 321638400000
  Shadow/Block: 21191023257
  Hit: 276272763423

Month: 1, Hour: 13.5
  Total Rays: 321638400000
  Shadow/Block: 22476570044
  Hit: 275604873225

Month: 1, Hour: 15
  Total Rays: 321638400000
  Shadow/Block: 41657185399
  Hit: 257835188190

Month: 2, Hour: 9
  Total Rays: 321638400000
  Shadow/Block: 24533502029
  Hit: 273866038825

Month: 2, Hour: 10.5
  Total Rays: 321638400000
  Shadow/Block: 20626062332
  Hit: 276260658904

Month: 2, Hour: 12
  Total Rays: 321638400000
  Shadow/Block: 20353996079
  Hit: 276081398083

Month: 2, Hour: 13.5
  Total Rays: 321638400000
  Shadow/Block: 21044793757
  Hit: 275923430650

Month: 2, Hour: 15
  Total Rays: 321638400000
  Shadow/Block: 25065411862
  Hit: 273450358192

Month: 3, Hour: 9
  Total Rays: 321638400000
  Shadow/Block: 21861576254
  Hit: 275495671245

Month: 3, Hour: 10.5
  Total Rays: 321638400000
  Shadow/Block: 20178739477
  Hit: 275958491739

Month: 3, Hour: 12
  Total Rays: 321638400000
  Shadow/Block: 19792358977
  Hit: 276271235602

Month: 3, Hour: 13.5
  Total Rays: 321638400000
  Shadow/Block: 20555055679
  Hit: 275649274492

Month: 3, Hour: 15
  Total Rays: 321638400000
  Shadow/Block: 22390290631
  Hit: 275069081283

Month: 4, Hour: 9
  Total Rays: 321638400000
  Shadow/Block: 21472131771
  Hit: 275070114576

Month: 4, Hour: 10.5
  Total Rays: 321638400000
  Shadow/Block: 19860092096
  Hit: 276329345637

Month: 4, Hour: 12
  Total Rays: 321638400000
  Shadow/Block: 19637504023
  Hit: 276939395715

Month: 4, Hour: 13.5
  Total Rays: 321638400000
  Shadow/Block: 20258905659
  Hit: 275977659633

Month: 4, Hour: 15
  Total Rays: 321638400000
  Shadow/Block: 21846090262
  Hit: 274737238267

Month: 5, Hour: 9
  Total Rays: 321638400000
  Shadow/Block: 21166406814
  Hit: 275131204530

Month: 5, Hour: 10.5
  Total Rays: 321638400000
  Shadow/Block: 19740064519
  Hit: 276862579309

Month: 5, Hour: 12
  Total Rays: 321638400000
  Shadow/Block: 19665707830
  Hit: 277635685421

Month: 5, Hour: 13.5
  Total Rays: 321638400000
  Shadow/Block: 20080784417
  Hit: 276539800552

Month: 5, Hour: 15
  Total Rays: 321638400000
  Shadow/Block: 21493590856
  Hit: 274816836981

Month: 6, Hour: 9
  Total Rays: 321638400000
  Shadow/Block: 21050130733
  Hit: 275213032881

Month: 6, Hour: 10.5
  Total Rays: 321638400000
  Shadow/Block: 19719750859
  Hit: 277074570605

Month: 6, Hour: 12
  Total Rays: 321638400000
  Shadow/Block: 19651777307
  Hit: 277926153701

Month: 6, Hour: 13.5
  Total Rays: 321638400000
  Shadow/Block: 20028503645
  Hit: 276772626999

Month: 6, Hour: 15
  Total Rays: 321638400000
  Shadow/Block: 21374556290
  Hit: 274894308417

Month: 7, Hour: 9
  Total Rays: 321638400000
  Shadow/Block: 21170202573
  Hit: 275129070386

Month: 7, Hour: 10.5
  Total Rays: 321638400000
  Shadow/Block: 19740935166
  Hit: 276855602031

Month: 7, Hour: 12
  Total Rays: 321638400000
  Shadow/Block: 19665900146
  Hit: 277626023688

Month: 7, Hour: 13.5
  Total Rays: 321638400000
  Shadow/Block: 20082711968
  Hit: 276532067134

Month: 7, Hour: 15
  Total Rays: 321638400000
  Shadow/Block: 21497561283
  Hit: 274814854985

Month: 8, Hour: 9
  Total Rays: 321638400000
  Shadow/Block: 21491589631
  Hit: 275076252265

Month: 8, Hour: 10.5
  Total Rays: 321638400000
  Shadow/Block: 19869989917
  Hit: 276301506926

Month: 8, Hour: 12
  Total Rays: 321638400000
  Shadow/Block: 19638556489
  Hit: 276899825363

Month: 8, Hour: 13.5
  Total Rays: 321638400000
  Shadow/Block: 20268780253
  Hit: 275951055361

Month: 8, Hour: 15
  Total Rays: 321638400000
  Shadow/Block: 21868919758
  Hit: 274740615377

Month: 9, Hour: 9
  Total Rays: 321638400000
  Shadow/Block: 21897351836
  Hit: 275516656464

Month: 9, Hour: 10.5
  Total Rays: 321638400000
  Shadow/Block: 20195713701
  Hit: 275960047359

Month: 9, Hour: 12
  Total Rays: 321638400000
  Shadow/Block: 19810678027
  Hit: 276250235383

Month: 9, Hour: 13.5
  Total Rays: 321638400000
  Shadow/Block: 20577145276
  Hit: 275647733022

Month: 9, Hour: 15
  Total Rays: 321638400000
  Shadow/Block: 22428941251
  Hit: 275088121887

Month: 10, Hour: 9
  Total Rays: 321638400000
  Shadow/Block: 25834142868
  Hit: 272696506195

Month: 10, Hour: 10.5
  Total Rays: 321638400000
  Shadow/Block: 20710737811
  Hit: 276320626588

Month: 10, Hour: 12
  Total Rays: 321638400000
  Shadow/Block: 20435010063
  Hit: 276103308228

Month: 10, Hour: 13.5
  Total Rays: 321638400000
  Shadow/Block: 21133695084
  Hit: 275980639167

Month: 10, Hour: 15
  Total Rays: 321638400000
  Shadow/Block: 26328476186
  Hit: 272330482127

Month: 11, Hour: 9
  Total Rays: 321638400000
  Shadow/Block: 42713371834
  Hit: 256659045731

Month: 11, Hour: 10.5
  Total Rays: 321638400000
  Shadow/Block: 22318333746
  Hit: 275742888365

Month: 11, Hour: 12
  Total Rays: 321638400000
  Shadow/Block: 21314109930
  Hit: 276244526732

Month: 11, Hour: 13.5
  Total Rays: 321638400000
  Shadow/Block: 22753837472
  Hit: 275411460731

Month: 11, Hour: 15
  Total Rays: 321638400000
  Shadow/Block: 43597190990
  Hit: 255946984249

Month: 12, Hour: 9
  Total Rays: 321638400000
  Shadow/Block: 51010792138
  Hit: 248603452556

Month: 12, Hour: 10.5
  Total Rays: 321638400000
  Shadow/Block: 25411941528
  Hit: 273060178542

Month: 12, Hour: 12
  Total Rays: 321638400000
  Shadow/Block: 22041282841
  Hit: 275881343613

Month: 12, Hour: 13.5
  Total Rays: 321638400000
  Shadow/Block: 25749097046
  Hit: 272826687296

Month: 12, Hour: 15
  Total Rays: 321638400000
  Shadow/Block: 52265454924
  Hit: 247512754455

========================================
           Grand Total Summary          
========================================
Total Rays Cast Across All Time Points : 19298304000000
Total Shadowed/Blocked Rays          : 1425532176003
Total Hit Receiver Rays              : 16409731815841
